2023-08-10 18:29:47 INFO  MyMBeanImpl:21 - This is warn : 1
2023-08-10 18:29:47 DEBUG MyMBeanImpl:22 - This is warn : 1
2023-08-10 18:29:47 WARN  MyMBeanImpl:23 - This is warn : 1
2023-08-10 18:29:47 ERROR MyMBeanImpl:24 - This is error : 1
2023-08-10 18:29:47 FATAL MyMBeanImpl:25 - This is fatal : 1
2023-08-10 18:33:25 INFO  MyMBeanImpl:23 - This is info : 1
2023-08-10 18:33:25 DEBUG MyMBeanImpl:24 - This is debug : 1
2023-08-10 18:33:25 WARN  MyMBeanImpl:25 - This is warn : 1
2023-08-10 18:33:25 ERROR MyMBeanImpl:26 - This is error : 1
2023-08-10 18:33:25 FATAL MyMBeanImpl:27 - This is fatal : 1
2023-08-10 18:33:34 INFO  MyMBeanImpl:23 - This is info : 2
2023-08-10 18:33:34 WARN  MyMBeanImpl:25 - This is warn : 2
2023-08-10 18:33:34 ERROR MyMBeanImpl:26 - This is error : 2
2023-08-10 18:33:34 FATAL MyMBeanImpl:27 - This is fatal : 2
2023-08-10 18:37:52 DEBUG MyMBeanImpl:28 - This is debug : 100
2023-08-10 18:37:52 INFO  MyMBeanImpl:29 - This is info : 100
2023-08-10 18:37:52 WARN  MyMBeanImpl:30 - This is warn : 100
2023-08-10 18:37:52 ERROR MyMBeanImpl:31 - This is error : 100
2023-08-10 18:37:52 FATAL MyMBeanImpl:32 - This is fatal : 100
2023-08-10 18:37:58 INFO  MyMBeanImpl:37 - Log level is trace now
2023-08-10 18:38:03 DEBUG MyMBeanImpl:28 - This is debug : 200
2023-08-10 18:38:03 INFO  MyMBeanImpl:29 - This is info : 200
2023-08-10 18:38:03 WARN  MyMBeanImpl:30 - This is warn : 200
2023-08-10 18:38:03 ERROR MyMBeanImpl:31 - This is error : 200
2023-08-10 18:38:03 FATAL MyMBeanImpl:32 - This is fatal : 200
2023-08-10 18:38:38 DEBUG MyMBeanImpl:28 - This is debug : 0
2023-08-10 18:38:38 INFO  MyMBeanImpl:29 - This is info : 0
2023-08-10 18:38:38 WARN  MyMBeanImpl:30 - This is warn : 0
2023-08-10 18:38:38 ERROR MyMBeanImpl:31 - This is error : 0
2023-08-10 18:38:38 FATAL MyMBeanImpl:32 - This is fatal : 0
2023-08-10 18:38:40 DEBUG MyMBeanImpl:28 - This is debug : 1000
2023-08-10 18:38:40 INFO  MyMBeanImpl:29 - This is info : 1000
2023-08-10 18:38:40 WARN  MyMBeanImpl:30 - This is warn : 1000
2023-08-10 18:38:40 ERROR MyMBeanImpl:31 - This is error : 1000
2023-08-10 18:38:40 FATAL MyMBeanImpl:32 - This is fatal : 1000
2023-08-10 18:38:51 INFO  MyMBeanImpl:37 - Log level is trace now
2023-08-10 18:38:57 TRACE MyMBeanImpl:? - This is trace : 200
2023-08-10 18:38:57 DEBUG MyMBeanImpl:28 - This is debug : 200
2023-08-10 18:38:57 INFO  MyMBeanImpl:29 - This is info : 200
2023-08-10 18:38:57 WARN  MyMBeanImpl:30 - This is warn : 200
2023-08-10 18:38:57 ERROR MyMBeanImpl:31 - This is error : 200
2023-08-10 18:38:57 FATAL MyMBeanImpl:32 - This is fatal : 200
2023-08-10 18:39:04 INFO  MyMBeanImpl:47 - Log level is info now
2023-08-10 18:39:09 INFO  MyMBeanImpl:29 - This is info : 2001
2023-08-10 18:39:09 WARN  MyMBeanImpl:30 - This is warn : 2001
2023-08-10 18:39:09 ERROR MyMBeanImpl:31 - This is error : 2001
2023-08-10 18:39:09 FATAL MyMBeanImpl:32 - This is fatal : 2001
2023-08-10 18:39:28 INFO  MyMBeanImpl:29 - This is info : 9000
2023-08-10 18:39:28 WARN  MyMBeanImpl:30 - This is warn : 9000
2023-08-10 18:39:28 ERROR MyMBeanImpl:31 - This is error : 9000
2023-08-10 18:39:28 FATAL MyMBeanImpl:32 - This is fatal : 9000
2023-08-10 18:39:41 INFO  MyMBeanImpl:48 - Log level is info now
2023-08-10 18:39:46 INFO  MyMBeanImpl:30 - This is info : 50
2023-08-10 18:39:46 WARN  MyMBeanImpl:31 - This is warn : 50
2023-08-10 18:39:46 ERROR MyMBeanImpl:32 - This is error : 50
2023-08-10 18:39:46 FATAL MyMBeanImpl:33 - This is fatal : 50
2023-08-10 18:45:57 DEBUG MyMBeanImpl:28 - This is debug : 900
2023-08-10 18:45:57 INFO  MyMBeanImpl:29 - This is info : 900
2023-08-10 18:45:57 WARN  MyMBeanImpl:30 - This is warn : 900
2023-08-10 18:45:57 ERROR MyMBeanImpl:31 - This is error : 900
2023-08-10 18:45:57 FATAL MyMBeanImpl:32 - This is fatal : 900
2023-08-17 17:19:42 DEBUG MyMBeanImpl:33 - This is debug : 990
2023-08-17 17:19:42 INFO  MyMBeanImpl:34 - This is info : 990
2023-08-17 17:19:42 WARN  MyMBeanImpl:35 - This is warn : 990
2023-08-17 17:19:42 ERROR MyMBeanImpl:36 - This is error : 990
2023-08-17 17:19:42 FATAL MyMBeanImpl:37 - This is fatal : 990
2023-08-17 17:22:34 DEBUG MyMBeanImpl:33 - This is debug : 99
2023-08-17 17:22:34 INFO  MyMBeanImpl:34 - This is info : 99
2023-08-17 17:22:34 WARN  MyMBeanImpl:35 - This is warn : 99
2023-08-17 17:22:34 ERROR MyMBeanImpl:36 - This is error : 99
2023-08-17 17:22:34 FATAL MyMBeanImpl:37 - This is fatal : 99
2023-08-17 17:23:25 DEBUG MyMBeanImpl:33 - This is debug : 1
2023-08-17 17:23:25 INFO  MyMBeanImpl:34 - This is info : 1
2023-08-17 17:23:25 WARN  MyMBeanImpl:35 - This is warn : 1
2023-08-17 17:23:25 ERROR MyMBeanImpl:36 - This is error : 1
2023-08-17 17:23:25 FATAL MyMBeanImpl:37 - This is fatal : 1
